<?xml version="1.0" encoding="UTF-8"?>
<testng-results skipped="0" failed="0" ignored="0" total="1" passed="1">
  <reporter-output>
  </reporter-output>
  <suite name="Default suite" duration-ms="32804" started-at="2022-01-28T04:35:16Z" finished-at="2022-01-28T04:35:49Z">
    <groups>
      <group name="High">
        <method signature="LoginPage.testToClickForgottenPassword()[pri:0, instance:base.LoginPage@67e2d983]" name="testToClickForgottenPassword" class="base.LoginPage"/>
      </group> <!-- High -->
    </groups>
    <test name="Default test" duration-ms="32804" started-at="2022-01-28T04:35:16Z" finished-at="2022-01-28T04:35:49Z">
      <class name="base.LoginPage">
        <test-method status="PASS" signature="setUp()[pri:0, instance:base.LoginPage@67e2d983]" name="setUp" is-config="true" duration-ms="23551" started-at="2022-01-28T10:05:16Z" finished-at="2022-01-28T10:05:40Z">
          <reporter-output>
          </reporter-output>
        </test-method> <!-- setUp -->
        <test-method status="PASS" signature="testToClickForgottenPassword()[pri:0, instance:base.LoginPage@67e2d983]" name="testToClickForgottenPassword" duration-ms="8892" started-at="2022-01-28T10:05:40Z" finished-at="2022-01-28T10:05:49Z">
          <reporter-output>
          </reporter-output>
        </test-method> <!-- testToClickForgottenPassword -->
        <test-method status="PASS" signature="tearDown()[pri:0, instance:base.LoginPage@67e2d983]" name="tearDown" is-config="true" duration-ms="230" started-at="2022-01-28T10:05:49Z" finished-at="2022-01-28T10:05:49Z">
          <reporter-output>
          </reporter-output>
        </test-method> <!-- tearDown -->
      </class> <!-- base.LoginPage -->
    </test> <!-- Default test -->
  </suite> <!-- Default suite -->
</testng-results>
